  croutine.c
C:\Users\EliteBook\Desktop\Fakultet\Autolektronika\Vjezbe 2023\Vjezba 2\Vjezba2 program\FreeRTOS\croutine.c(28,10): fatal error C1083: Cannot open include file: 'FreeRTOS.h': No such file or directory
  event_groups.c
C:\Users\EliteBook\Desktop\Fakultet\Autolektronika\Vjezbe 2023\Vjezba 2\Vjezba2 program\FreeRTOS\event_groups.c(37,10): fatal error C1083: Cannot open include file: 'FreeRTOS.h': No such file or directory
  list.c
C:\Users\EliteBook\Desktop\Fakultet\Autolektronika\Vjezbe 2023\Vjezba 2\Vjezba2 program\FreeRTOS\list.c(30,10): fatal error C1083: Cannot open include file: 'FreeRTOS.h': No such file or directory
  heap_4.c
C:\Users\EliteBook\Desktop\Fakultet\Autolektronika\Vjezbe 2023\Vjezba 2\Vjezba2 program\FreeRTOS\portable\MemMang\heap_4.c(43,10): fatal error C1083: Cannot open include file: 'FreeRTOS.h': No such file or directory
  port.c
C:\Users\EliteBook\Desktop\Fakultet\Autolektronika\Vjezbe 2023\Vjezba 2\Vjezba2 program\FreeRTOS\portable\MSVC\port.c(32,10): fatal error C1083: Cannot open include file: 'FreeRTOS.h': No such file or directory
  queue.c
C:\Users\EliteBook\Desktop\Fakultet\Autolektronika\Vjezbe 2023\Vjezba 2\Vjezba2 program\FreeRTOS\queue.c(36,10): fatal error C1083: Cannot open include file: 'FreeRTOS.h': No such file or directory
  stream_buffer.c
C:\Users\EliteBook\Desktop\Fakultet\Autolektronika\Vjezbe 2023\Vjezba 2\Vjezba2 program\FreeRTOS\stream_buffer.c(38,10): fatal error C1083: Cannot open include file: 'FreeRTOS.h': No such file or directory
  tasks.c
C:\Users\EliteBook\Desktop\Fakultet\Autolektronika\Vjezbe 2023\Vjezba 2\Vjezba2 program\FreeRTOS\tasks.c(38,10): fatal error C1083: Cannot open include file: 'FreeRTOS.h': No such file or directory
  timers.c
C:\Users\EliteBook\Desktop\Fakultet\Autolektronika\Vjezbe 2023\Vjezba 2\Vjezba2 program\FreeRTOS\timers.c(36,10): fatal error C1083: Cannot open include file: 'FreeRTOS.h': No such file or directory
  I_Vezba_1_zadatak.c
C:\Users\EliteBook\Desktop\Fakultet\Autolektronika\Vjezbe 2023\Vjezba 2\Vjezba2 program\I_Vezba_1_zadatak.c(9,10): fatal error C1083: Cannot open include file: 'FreeRTOS.h': No such file or directory
  I_Vezba_2_zadatak.c
C:\Users\EliteBook\Desktop\Fakultet\Autolektronika\Vjezbe 2023\Vjezba 2\Vjezba2 program\I_Vezba_2_zadatak.c(9,10): fatal error C1083: Cannot open include file: 'FreeRTOS.h': No such file or directory
  main.c
C:\Users\EliteBook\Desktop\Fakultet\Autolektronika\Vjezbe 2023\Vjezba 2\Vjezba2 program\main.c(7,10): fatal error C1083: Cannot open include file: 'FreeRTOS.h': No such file or directory
  Generating Code...
